  Asteroid.cpp
C:\Users\Sophie\source\repos\Game7\Game7\Asteroid.cpp(47,33): warning C4244: 'argument': conversion from 'const float' to 'int', possible loss of data
C:\Users\Sophie\source\repos\Game7\Game7\Asteroid.cpp(47,25): warning C4244: 'argument': conversion from 'const float' to 'int', possible loss of data
C:\Users\Sophie\source\repos\Game7\Game7\Asteroid.cpp(59,33): warning C4244: 'argument': conversion from 'int' to 'float', possible loss of data
C:\Users\Sophie\source\repos\Game7\Game7\Asteroid.cpp(59,30): warning C4244: 'argument': conversion from 'int' to 'float', possible loss of data
C:\Users\Sophie\source\repos\Game7\Game7\Asteroid.cpp(66,41): warning C4244: 'argument': conversion from 'const float' to 'int', possible loss of data
C:\Users\Sophie\source\repos\Game7\Game7\Asteroid.cpp(66,33): warning C4244: 'argument': conversion from 'const float' to 'int', possible loss of data
C:\Users\Sophie\source\repos\Game7\Game7\Asteroid.cpp(93,64): warning C4244: 'argument': conversion from 'int' to 'float', possible loss of data
C:\Users\Sophie\source\repos\Game7\Game7\Asteroid.cpp(93,61): warning C4244: 'argument': conversion from 'int' to 'float', possible loss of data
C:\Users\Sophie\source\repos\Game7\Game7\Asteroid.cpp(112,52): warning C4244: 'argument': conversion from 'int' to 'float', possible loss of data
C:\Users\Sophie\source\repos\Game7\Game7\Asteroid.cpp(112,37): warning C4244: 'argument': conversion from 'int' to 'float', possible loss of data
C:\Users\Sophie\source\repos\Game7\Game7\Asteroid.cpp(119,34): warning C4244: 'argument': conversion from 'float' to 'int', possible loss of data
C:\Users\Sophie\source\repos\Game7\Game7\Asteroid.cpp(119,26): warning C4244: 'argument': conversion from 'float' to 'int', possible loss of data
C:\Users\Sophie\source\repos\Game7\Game7\Asteroid.cpp(120,14): warning C4244: '=': conversion from 'int' to 'float', possible loss of data
C:\Users\Sophie\source\repos\Game7\Game7\Asteroid.cpp(121,14): warning C4244: '=': conversion from 'int' to 'float', possible loss of data
C:\Users\Sophie\source\repos\Game7\Game7\Asteroid.cpp(303,56): warning C4244: 'argument': conversion from 'int' to 'float', possible loss of data
C:\Users\Sophie\source\repos\Game7\Game7\Asteroid.cpp(303,41): warning C4244: 'argument': conversion from 'int' to 'float', possible loss of data
C:\Users\Sophie\source\repos\Game7\Game7\Asteroid.cpp(310,65): warning C4244: 'argument': conversion from 'int' to 'float', possible loss of data
C:\Users\Sophie\source\repos\Game7\Game7\Asteroid.cpp(310,62): warning C4244: 'argument': conversion from 'int' to 'float', possible loss of data
C:\Users\Sophie\source\repos\Game7\Game7\Asteroid.cpp(381,53): warning C4244: 'argument': conversion from 'float' to 'int', possible loss of data
C:\Users\Sophie\source\repos\Game7\Game7\Asteroid.cpp(380,52): warning C4244: 'argument': conversion from 'float' to 'int', possible loss of data
C:\Users\Sophie\source\repos\Game7\Game7\Asteroid.cpp(461,78): warning C4244: 'argument': conversion from 'int' to 'float', possible loss of data
C:\Users\Sophie\source\repos\Game7\Game7\Asteroid.cpp(461,40): warning C4244: 'argument': conversion from 'int' to 'float', possible loss of data
C:\Users\Sophie\source\repos\Game7\Game7\Asteroid.cpp(463,78): warning C4244: 'argument': conversion from 'float' to 'int', possible loss of data
C:\Users\Sophie\source\repos\Game7\Game7\Asteroid.cpp(463,50): warning C4244: 'argument': conversion from 'float' to 'int', possible loss of data
C:\Users\Sophie\source\repos\Game7\Game7\Asteroid.cpp(526,71): warning C4244: 'argument': conversion from 'const float' to 'int', possible loss of data
C:\Users\Sophie\source\repos\Game7\Game7\Asteroid.cpp(526,55): warning C4244: 'argument': conversion from 'const float' to 'int', possible loss of data
C:\Users\Sophie\source\repos\Game7\Game7\Asteroid.cpp(555,19): warning C4244: '=': conversion from 'int' to 'float', possible loss of data
C:\Users\Sophie\source\repos\Game7\Game7\Asteroid.cpp(556,19): warning C4244: '=': conversion from 'int' to 'float', possible loss of data
  Game7.vcxproj -> C:\Users\Sophie\source\repos\Game7\x64\Debug\Game7.exe
